<?xml version="1.0" encoding="UTF-8"?>
<robot generator="Robot 6.0.2 (Python 3.8.5 on darwin)" generated="20230303 14:16:30.374" rpa="false" schemaversion="3">
<suite id="s1" name="Test-Orange" source="/Users/thanhbinh/Documents/DeVops/24:02 Robot framework/TP/TP-RobotFramework/TP RobotFramework/orange/test-orange.robot">
<test id="s1-t1" name="Search Emloyee in Page PIM" line="107">
<kw name="Open Browser To Login Page" library="resource-orange">
<kw name="Open Browser" library="SeleniumLibrary">
<arg>${URL LOGIN}</arg>
<arg>${BROWSER}</arg>
<doc>Opens a new browser instance to the optional ``url``.</doc>
<msg timestamp="20230303 14:16:30.665" level="INFO">Opening browser 'Chrome' to base url 'https://opensource-demo.orangehrmlive.com/web/index.php/auth/login'.</msg>
<status status="PASS" starttime="20230303 14:16:30.664" endtime="20230303 14:16:35.816"/>
</kw>
<kw name="Maximize Browser Window" library="SeleniumLibrary">
<doc>Maximizes current browser window.</doc>
<status status="PASS" starttime="20230303 14:16:35.817" endtime="20230303 14:16:36.673"/>
</kw>
<kw name="Set Selenium Speed" library="SeleniumLibrary">
<arg>${DELAY}</arg>
<doc>Sets the delay that is waited after each Selenium command.</doc>
<status status="PASS" starttime="20230303 14:16:36.673" endtime="20230303 14:16:36.675"/>
</kw>
<kw name="Login Page Should Be Open" library="resource-orange">
<kw name="Title Should Be" library="SeleniumLibrary">
<arg>OrangeHRM</arg>
<doc>Verifies that the current page title equals ``title``.</doc>
<msg timestamp="20230303 14:16:36.697" level="INFO">Page title is 'OrangeHRM'.</msg>
<status status="PASS" starttime="20230303 14:16:36.678" endtime="20230303 14:16:36.697"/>
</kw>
<status status="PASS" starttime="20230303 14:16:36.677" endtime="20230303 14:16:36.698"/>
</kw>
<status status="PASS" starttime="20230303 14:16:30.663" endtime="20230303 14:16:36.698"/>
</kw>
<kw name="Wait Until Element Is Not Visible" library="SeleniumLibrary">
<arg>timeout = 5</arg>
<doc>Waits until the element ``locator`` is not visible.</doc>
<status status="PASS" starttime="20230303 14:16:36.700" endtime="20230303 14:16:36.753"/>
</kw>
<kw name="Input Username" library="resource-orange">
<kw name="Input Text" library="SeleniumLibrary">
<arg>name:username</arg>
<arg>${valid username}</arg>
<doc>Types the given ``text`` into the text field identified by ``locator``.</doc>
<msg timestamp="20230303 14:16:36.755" level="INFO">Typing text 'Admin' into text field 'name:username'.</msg>
<status status="PASS" starttime="20230303 14:16:36.755" endtime="20230303 14:16:36.929"/>
</kw>
<status status="PASS" starttime="20230303 14:16:36.754" endtime="20230303 14:16:36.929"/>
</kw>
<kw name="Input Password-Orange" library="resource-orange">
<kw name="Input Text" library="SeleniumLibrary">
<arg>name:password</arg>
<arg>${valid password}</arg>
<doc>Types the given ``text`` into the text field identified by ``locator``.</doc>
<msg timestamp="20230303 14:16:36.930" level="INFO">Typing text 'admin123' into text field 'name:password'.</msg>
<status status="PASS" starttime="20230303 14:16:36.930" endtime="20230303 14:16:37.058"/>
</kw>
<status status="PASS" starttime="20230303 14:16:36.929" endtime="20230303 14:16:37.058"/>
</kw>
<kw name="Submit Credentials" library="resource-orange">
<kw name="Click Button" library="SeleniumLibrary">
<arg>//*[@id="app"]/div[1]/div/div[1]/div/div[2]/div[2]/form/div[3]/button</arg>
<doc>Clicks the button identified by ``locator``.</doc>
<msg timestamp="20230303 14:16:37.061" level="INFO">Clicking button '//*[@id="app"]/div[1]/div/div[1]/div/div[2]/div[2]/form/div[3]/button'.</msg>
<status status="PASS" starttime="20230303 14:16:37.060" endtime="20230303 14:16:38.029"/>
</kw>
<status status="PASS" starttime="20230303 14:16:37.059" endtime="20230303 14:16:38.029"/>
</kw>
<kw name="Sleep" library="BuiltIn">
<arg>3</arg>
<doc>Pauses the test executed for the given time.</doc>
<msg timestamp="20230303 14:16:41.031" level="INFO">Slept 3 seconds</msg>
<status status="PASS" starttime="20230303 14:16:38.030" endtime="20230303 14:16:41.032"/>
</kw>
<kw name="Title Should Be" library="SeleniumLibrary">
<arg>OrangeHRM</arg>
<doc>Verifies that the current page title equals ``title``.</doc>
<msg timestamp="20230303 14:16:41.040" level="INFO">Page title is 'OrangeHRM'.</msg>
<status status="PASS" starttime="20230303 14:16:41.033" endtime="20230303 14:16:41.041"/>
</kw>
<kw name="NavBar PIM" library="resource-orange">
<kw name="Click Element" library="SeleniumLibrary">
<arg>//*[@id="app"]/div[1]/div[1]/aside/nav/div[2]/ul/li[2]/a</arg>
<doc>Click the element identified by ``locator``.</doc>
<msg timestamp="20230303 14:16:41.043" level="INFO">Clicking element '//*[@id="app"]/div[1]/div[1]/aside/nav/div[2]/ul/li[2]/a'.</msg>
<status status="PASS" starttime="20230303 14:16:41.042" endtime="20230303 14:16:41.597"/>
</kw>
<status status="PASS" starttime="20230303 14:16:41.041" endtime="20230303 14:16:41.598"/>
</kw>
<kw name="Wait Until Element Is Not Visible" library="SeleniumLibrary">
<arg>timeout = 5</arg>
<doc>Waits until the element ``locator`` is not visible.</doc>
<status status="PASS" starttime="20230303 14:16:41.598" endtime="20230303 14:16:41.607"/>
</kw>
<kw name="Search Employee" library="resource-orange">
<kw name="Location Should Be" library="SeleniumLibrary">
<arg>https://opensource-demo.orangehrmlive.com/web/index.php/pim/viewEmployeeList</arg>
<doc>Verifies that the current URL is exactly ``url``.</doc>
<msg timestamp="20230303 14:16:41.619" level="INFO">Current location is 'https://opensource-demo.orangehrmlive.com/web/index.php/pim/viewEmployeeList'.</msg>
<status status="PASS" starttime="20230303 14:16:41.609" endtime="20230303 14:16:41.620"/>
</kw>
<kw name="Sleep" library="BuiltIn">
<arg>10</arg>
<doc>Pauses the test executed for the given time.</doc>
<msg timestamp="20230303 14:16:51.620" level="INFO">Slept 10 seconds</msg>
<status status="PASS" starttime="20230303 14:16:41.620" endtime="20230303 14:16:51.621"/>
</kw>
<kw name="Input Text" library="SeleniumLibrary">
<arg>//*[@id="app"]/div[1]/div[2]/div[2]/div/div[1]/div[2]/form/div[1]/div/div[1]/div/div[2]/div/div/input</arg>
<arg>Bill</arg>
<doc>Types the given ``text`` into the text field identified by ``locator``.</doc>
<msg timestamp="20230303 14:16:51.622" level="INFO">Typing text 'Bill' into text field '//*[@id="app"]/div[1]/div[2]/div[2]/div/div[1]/div[2]/form/div[1]/div/div[1]/div/div[2]/div/div/input'.</msg>
<status status="PASS" starttime="20230303 14:16:51.621" endtime="20230303 14:16:51.718"/>
</kw>
<kw name="Click Button" library="SeleniumLibrary">
<arg>//*[@id="app"]/div[1]/div[2]/div[2]/div/div[1]/div[2]/form/div[2]/button[2]</arg>
<doc>Clicks the button identified by ``locator``.</doc>
<msg timestamp="20230303 14:16:51.720" level="INFO">Clicking button '//*[@id="app"]/div[1]/div[2]/div[2]/div/div[1]/div[2]/form/div[2]/button[2]'.</msg>
<status status="PASS" starttime="20230303 14:16:51.719" endtime="20230303 14:16:51.801"/>
</kw>
<status status="PASS" starttime="20230303 14:16:41.608" endtime="20230303 14:16:51.801"/>
</kw>
<kw name="Close Browser" library="SeleniumLibrary">
<doc>Closes the current browser.</doc>
<status status="PASS" starttime="20230303 14:16:51.802" endtime="20230303 14:16:51.981"/>
</kw>
<status status="PASS" starttime="20230303 14:16:30.658" endtime="20230303 14:16:51.982"/>
</test>
<doc>A test suite with a single test for valid login.

This test has a workflow that is created using keywords in
the imported resource file.</doc>
<status status="PASS" starttime="20230303 14:16:30.381" endtime="20230303 14:16:51.986"/>
</suite>
<statistics>
<total>
<stat pass="1" fail="0" skip="0">All Tests</stat>
</total>
<tag>
</tag>
<suite>
<stat pass="1" fail="0" skip="0" id="s1" name="Test-Orange">Test-Orange</stat>
</suite>
</statistics>
<errors>
</errors>
</robot>
